/home/u198493848/domains/likitfah.com/nodejs/server.js:1
<!DOCTYPE html>
^

SyntaxError: Unexpected token '<'
    at wrapSafe (node:internal/modules/cjs/loader:1620:18)
    at Module._compile (node:internal/modules/cjs/loader:1662:20)
    at Module._extensions..js (node:internal/modules/cjs/loader:1820:10)
    at Module.load (node:internal/modules/cjs/loader:1423:32)
    at Module._load (node:internal/modules/cjs/loader:1246:12)
    at TracingChannel.traceSync (node:diagnostics_channel:322:14)
    at wrapModuleLoad (node:internal/modules/cjs/loader:235:24)
    at Module.require (node:internal/modules/cjs/loader:1445:12)
    at require (node:internal/modules/helpers:135:16)
    at startApplication (/usr/local/lsws/fcgi-bin/lsnode.js:51:15)

Node.js v22.18.0
/home/u198493848/domains/likitfah.com/nodejs/server.js:1
<!DOCTYPE html>
^

SyntaxError: Unexpected token '<'
    at wrapSafe (node:internal/modules/cjs/loader:1620:18)
    at Module._compile (node:internal/modules/cjs/loader:1662:20)
    at Module._extensions..js (node:internal/modules/cjs/loader:1820:10)
    at Module.load (node:internal/modules/cjs/loader:1423:32)
    at Module._load (node:internal/modules/cjs/loader:1246:12)
    at TracingChannel.traceSync (node:diagnostics_channel:322:14)
    at wrapModuleLoad (node:internal/modules/cjs/loader:235:24)
    at Module.require (node:internal/modules/cjs/loader:1445:12)
    at require (node:internal/modules/helpers:135:16)
    at startApplication (/usr/local/lsws/fcgi-bin/lsnode.js:51:15)

Node.js v22.18.0
/home/u198493848/domains/likitfah.com/nodejs/server.js:1
<!DOCTYPE html>
^

SyntaxError: Unexpected token '<'
    at wrapSafe (node:internal/modules/cjs/loader:1620:18)
    at Module._compile (node:internal/modules/cjs/loader:1662:20)
    at Module._extensions..js (node:internal/modules/cjs/loader:1820:10)
    at Module.load (node:internal/modules/cjs/loader:1423:32)
    at Module._load (node:internal/modules/cjs/loader:1246:12)
    at TracingChannel.traceSync (node:diagnostics_channel:322:14)
    at wrapModuleLoad (node:internal/modules/cjs/loader:235:24)
    at Module.require (node:internal/modules/cjs/loader:1445:12)
    at require (node:internal/modules/helpers:135:16)
    at startApplication (/usr/local/lsws/fcgi-bin/lsnode.js:51:15)

Node.js v22.18.0
/home/u198493848/domains/likitfah.com/nodejs/server.js:1
<!DOCTYPE html>
^

SyntaxError: Unexpected token '<'
    at wrapSafe (node:internal/modules/cjs/loader:1620:18)
    at Module._compile (node:internal/modules/cjs/loader:1662:20)
    at Module._extensions..js (node:internal/modules/cjs/loader:1820:10)
    at Module.load (node:internal/modules/cjs/loader:1423:32)
    at Module._load (node:internal/modules/cjs/loader:1246:12)
    at TracingChannel.traceSync (node:diagnostics_channel:322:14)
    at wrapModuleLoad (node:internal/modules/cjs/loader:235:24)
    at Module.require (node:internal/modules/cjs/loader:1445:12)
    at require (node:internal/modules/helpers:135:16)
    at startApplication (/usr/local/lsws/fcgi-bin/lsnode.js:51:15)

Node.js v22.18.0
